<?xml version="1.0" encoding="UTF-8"?>
<testng-results ignored="0" total="1" passed="1" failed="0" skipped="0">
  <reporter-output>
  </reporter-output>
  <suite started-at="2021-08-05T10:39:36Z" name="Default suite" finished-at="2021-08-05T10:40:02Z" duration-ms="26504">
    <groups>
    </groups>
    <test started-at="2021-08-05T10:39:36Z" name="Default test" finished-at="2021-08-05T10:40:02Z" duration-ms="26504">
      <class name="testcases.Tc_001">
        <test-method signature="testcase1()[pri:0, instance:testcases.Tc_001@5e600dd5]" started-at="2021-08-05T16:09:36Z" name="testcase1" finished-at="2021-08-05T16:10:02Z" duration-ms="26453" status="PASS">
          <reporter-output>
          </reporter-output>
        </test-method> <!-- testcase1 -->
      </class> <!-- testcases.Tc_001 -->
    </test> <!-- Default test -->
  </suite> <!-- Default suite -->
</testng-results>
